<?xml version="1.0" encoding="UTF-8"?>
<!-- Generated by org.testng.reporters.JUnitXMLReporter -->
<testsuite ignored="0" hostname="DESKTOP-GMUQ901" failures="1" tests="1" name="Test1" time="76.921" errors="0" timestamp="19 Sep 2019 07:05:57 GMT">
  <testcase classname="testcases.Browsers" name="Crossbrowser" time="76.572">
    <failure type="org.openqa.selenium.WebDriverException" message="unknown error: unable to discover open pages
Build info: version: &amp;apos;3.141.59&amp;apos;, revision: &amp;apos;e82be7d358&amp;apos;, time: &amp;apos;2018-11-14T08:25:48&amp;apos;
System info: host: &amp;apos;DESKTOP-GMUQ901&amp;apos;, ip: &amp;apos;192.168.186.1&amp;apos;, os.name: &amp;apos;Windows 10&amp;apos;, os.arch: &amp;apos;amd64&amp;apos;, os.version: &amp;apos;10.0&amp;apos;, java.version: &amp;apos;11.0.2&amp;apos;
Driver info: driver.version: ChromeDriver
remote stacktrace: Backtrace:
	Ordinal0 [0x00E97C53+1473619]
	Ordinal0 [0x00E1AD71+961905]
	Ordinal0 [0x00DA42B3+475827]
	Ordinal0 [0x00D3F2C1+62145]
	Ordinal0 [0x00D3BC77+48247]
	Ordinal0 [0x00D59149+168265]
	Ordinal0 [0x00D58D1D+167197]
	Ordinal0 [0x00D5742B+160811]
	Ordinal0 [0x00D40AE6+68326]
	Ordinal0 [0x00D41BF0+72688]
	Ordinal0 [0x00D41B89+72585]
	Ordinal0 [0x00E34B37+1067831]
	GetHandleVerifier [0x00F36845+506677]
	GetHandleVerifier [0x00F365E0+506064]
	GetHandleVerifier [0x00F3D188+533624]
	GetHandleVerifier [0x00F3701A+508682]
	Ordinal0 [0x00E2C226+1032742]
	Ordinal0 [0x00E2C09F+1032351]
	Ordinal0 [0x00E36A4B+1075787]
	Ordinal0 [0x00E36BB3+1076147]
	Ordinal0 [0x00E35B65+1071973]
	BaseThreadInitThunk [0x746E0419+25]
	RtlGetAppContainerNamedObjectPath [0x7703662D+237]
	RtlGetAppContainerNamedObjectPath [0x770365FD+189]
">
      <![CDATA[org.openqa.selenium.WebDriverException: unknown error: unable to discover open pages
Build info: version: '3.141.59', revision: 'e82be7d358', time: '2018-11-14T08:25:48'
System info: host: 'DESKTOP-GMUQ901', ip: '192.168.186.1', os.name: 'Windows 10', os.arch: 'amd64', os.version: '10.0', java.version: '11.0.2'
Driver info: driver.version: ChromeDriver
remote stacktrace: Backtrace:
Ordinal0 [0x00E97C53+1473619]
Ordinal0 [0x00E1AD71+961905]
Ordinal0 [0x00DA42B3+475827]
Ordinal0 [0x00D3F2C1+62145]
Ordinal0 [0x00D3BC77+48247]
Ordinal0 [0x00D59149+168265]
Ordinal0 [0x00D58D1D+167197]
Ordinal0 [0x00D5742B+160811]
Ordinal0 [0x00D40AE6+68326]
Ordinal0 [0x00D41BF0+72688]
Ordinal0 [0x00D41B89+72585]
Ordinal0 [0x00E34B37+1067831]
GetHandleVerifier [0x00F36845+506677]
GetHandleVerifier [0x00F365E0+506064]
GetHandleVerifier [0x00F3D188+533624]
GetHandleVerifier [0x00F3701A+508682]
Ordinal0 [0x00E2C226+1032742]
Ordinal0 [0x00E2C09F+1032351]
Ordinal0 [0x00E36A4B+1075787]
Ordinal0 [0x00E36BB3+1076147]
Ordinal0 [0x00E35B65+1071973]
BaseThreadInitThunk [0x746E0419+25]
RtlGetAppContainerNamedObjectPath [0x7703662D+237]
RtlGetAppContainerNamedObjectPath [0x770365FD+189]

at org.openqa.selenium.remote.W3CHandshakeResponse.lambda$errorHandler$0(W3CHandshakeResponse.java:62)
at org.openqa.selenium.remote.HandshakeResponse.lambda$getResponseFunction$0(HandshakeResponse.java:30)
at org.openqa.selenium.remote.ProtocolHandshake.lambda$createSession$0(ProtocolHandshake.java:126)
at java.base/java.util.stream.ReferencePipeline$3$1.accept(ReferencePipeline.java:195)
at java.base/java.util.Spliterators$ArraySpliterator.tryAdvance(Spliterators.java:958)
at java.base/java.util.stream.ReferencePipeline.forEachWithCancel(ReferencePipeline.java:127)
at java.base/java.util.stream.AbstractPipeline.copyIntoWithCancel(AbstractPipeline.java:502)
at java.base/java.util.stream.AbstractPipeline.copyInto(AbstractPipeline.java:488)
at java.base/java.util.stream.AbstractPipeline.wrapAndCopyInto(AbstractPipeline.java:474)
at java.base/java.util.stream.FindOps$FindOp.evaluateSequential(FindOps.java:150)
at java.base/java.util.stream.AbstractPipeline.evaluate(AbstractPipeline.java:234)
at java.base/java.util.stream.ReferencePipeline.findFirst(ReferencePipeline.java:543)
at org.openqa.selenium.remote.ProtocolHandshake.createSession(ProtocolHandshake.java:128)
at org.openqa.selenium.remote.ProtocolHandshake.createSession(ProtocolHandshake.java:74)
at org.openqa.selenium.remote.HttpCommandExecutor.execute(HttpCommandExecutor.java:136)
at org.openqa.selenium.remote.service.DriverCommandExecutor.execute(DriverCommandExecutor.java:83)
at org.openqa.selenium.remote.RemoteWebDriver.execute(RemoteWebDriver.java:552)
at org.openqa.selenium.remote.RemoteWebDriver.startSession(RemoteWebDriver.java:213)
at org.openqa.selenium.remote.RemoteWebDriver.<init>(RemoteWebDriver.java:131)
at org.openqa.selenium.chrome.ChromeDriver.<init>(ChromeDriver.java:181)
at org.openqa.selenium.chrome.ChromeDriver.<init>(ChromeDriver.java:168)
at org.openqa.selenium.chrome.ChromeDriver.<init>(ChromeDriver.java:123)
at testcases.Browsers.Crossbrowser(Browsers.java:24)
at java.base/java.util.concurrent.FutureTask.run(FutureTask.java:264)
at java.base/java.util.concurrent.ThreadPoolExecutor.runWorker(ThreadPoolExecutor.java:1128)
at java.base/java.util.concurrent.ThreadPoolExecutor$Worker.run(ThreadPoolExecutor.java:628)
at java.base/java.lang.Thread.run(Thread.java:834)
... Removed 20 stack frames]]>
    </failure>
  </testcase> <!-- Crossbrowser -->
</testsuite> <!-- Test1 -->
