<?xml version="1.0" encoding="UTF-8"?>
<!-- Generated by org.testng.reporters.JUnitReportReporter -->
<testsuite hostname="DESKTOP-GMUQ901" failures="0" tests="3" name="testcases.Browsers" time="251.669" errors="1" timestamp="19 Sep 2019 07:06:41 GMT" skipped="0">
  <testcase classname="testcases.Browsers" name="Crossbrowser" time="54.858"/>
  <testcase classname="testcases.Browsers" name="Crossbrowser" time="76.572">
    <error message="unknown error: unable to discover open pages
Build info: version: &#039;3.141.59&#039;, revision: &#039;e82be7d358&#039;, time: &#039;2018-11-14T08:25:48&#039;
System info: host: &#039;DESKTOP-GMUQ901&#039;, ip: &#039;192.168.186.1&#039;, os.name: &#039;Windows 10&#039;, os.arch: &#039;amd64&#039;, os.version: &#039;10.0&#039;, java.version: &#039;11.0.2&#039;
Driver info: driver.version: ChromeDriver
remote stacktrace: Backtrace:
	Ordinal0 [0x00E97C53+1473619]
	Ordinal0 [0x00E1AD71+961905]
	Ordinal0 [0x00DA42B3+475827]
	Ordinal0 [0x00D3F2C1+62145]
	Ordinal0 [0x00D3BC77+48247]
	Ordinal0 [0x00D59149+168265]
	Ordinal0 [0x00D58D1D+167197]
	Ordinal0 [0x00D5742B+160811]
	Ordinal0 [0x00D40AE6+68326]
	Ordinal0 [0x00D41BF0+72688]
	Ordinal0 [0x00D41B89+72585]
	Ordinal0 [0x00E34B37+1067831]
	GetHandleVerifier [0x00F36845+506677]
	GetHandleVerifier [0x00F365E0+506064]
	GetHandleVerifier [0x00F3D188+533624]
	GetHandleVerifier [0x00F3701A+508682]
	Ordinal0 [0x00E2C226+1032742]
	Ordinal0 [0x00E2C09F+1032351]
	Ordinal0 [0x00E36A4B+1075787]
	Ordinal0 [0x00E36BB3+1076147]
	Ordinal0 [0x00E35B65+1071973]
	BaseThreadInitThunk [0x746E0419+25]
	RtlGetAppContainerNamedObjectPath [0x7703662D+237]
	RtlGetAppContainerNamedObjectPath [0x770365FD+189]
" type="org.openqa.selenium.WebDriverException">
      <![CDATA[org.openqa.selenium.WebDriverException: unknown error: unable to discover open pages
Build info: version: '3.141.59', revision: 'e82be7d358', time: '2018-11-14T08:25:48'
System info: host: 'DESKTOP-GMUQ901', ip: '192.168.186.1', os.name: 'Windows 10', os.arch: 'amd64', os.version: '10.0', java.version: '11.0.2'
Driver info: driver.version: ChromeDriver
remote stacktrace: Backtrace:
Ordinal0 [0x00E97C53+1473619]
Ordinal0 [0x00E1AD71+961905]
Ordinal0 [0x00DA42B3+475827]
Ordinal0 [0x00D3F2C1+62145]
Ordinal0 [0x00D3BC77+48247]
Ordinal0 [0x00D59149+168265]
Ordinal0 [0x00D58D1D+167197]
Ordinal0 [0x00D5742B+160811]
Ordinal0 [0x00D40AE6+68326]
Ordinal0 [0x00D41BF0+72688]
Ordinal0 [0x00D41B89+72585]
Ordinal0 [0x00E34B37+1067831]
GetHandleVerifier [0x00F36845+506677]
GetHandleVerifier [0x00F365E0+506064]
GetHandleVerifier [0x00F3D188+533624]
GetHandleVerifier [0x00F3701A+508682]
Ordinal0 [0x00E2C226+1032742]
Ordinal0 [0x00E2C09F+1032351]
Ordinal0 [0x00E36A4B+1075787]
Ordinal0 [0x00E36BB3+1076147]
Ordinal0 [0x00E35B65+1071973]
BaseThreadInitThunk [0x746E0419+25]
RtlGetAppContainerNamedObjectPath [0x7703662D+237]
RtlGetAppContainerNamedObjectPath [0x770365FD+189]

at java.base/jdk.internal.reflect.NativeConstructorAccessorImpl.newInstance0(Native Method)
at java.base/jdk.internal.reflect.NativeConstructorAccessorImpl.newInstance(NativeConstructorAccessorImpl.java:62)
at java.base/jdk.internal.reflect.DelegatingConstructorAccessorImpl.newInstance(DelegatingConstructorAccessorImpl.java:45)
at java.base/java.lang.reflect.Constructor.newInstance(Constructor.java:490)
at org.openqa.selenium.remote.W3CHandshakeResponse.lambda$errorHandler$0(W3CHandshakeResponse.java:62)
at org.openqa.selenium.remote.HandshakeResponse.lambda$getResponseFunction$0(HandshakeResponse.java:30)
at org.openqa.selenium.remote.ProtocolHandshake.lambda$createSession$0(ProtocolHandshake.java:126)
at java.base/java.util.stream.ReferencePipeline$3$1.accept(ReferencePipeline.java:195)
at java.base/java.util.Spliterators$ArraySpliterator.tryAdvance(Spliterators.java:958)
at java.base/java.util.stream.ReferencePipeline.forEachWithCancel(ReferencePipeline.java:127)
at java.base/java.util.stream.AbstractPipeline.copyIntoWithCancel(AbstractPipeline.java:502)
at java.base/java.util.stream.AbstractPipeline.copyInto(AbstractPipeline.java:488)
at java.base/java.util.stream.AbstractPipeline.wrapAndCopyInto(AbstractPipeline.java:474)
at java.base/java.util.stream.FindOps$FindOp.evaluateSequential(FindOps.java:150)
at java.base/java.util.stream.AbstractPipeline.evaluate(AbstractPipeline.java:234)
at java.base/java.util.stream.ReferencePipeline.findFirst(ReferencePipeline.java:543)
at org.openqa.selenium.remote.ProtocolHandshake.createSession(ProtocolHandshake.java:128)
at org.openqa.selenium.remote.ProtocolHandshake.createSession(ProtocolHandshake.java:74)
at org.openqa.selenium.remote.HttpCommandExecutor.execute(HttpCommandExecutor.java:136)
at org.openqa.selenium.remote.service.DriverCommandExecutor.execute(DriverCommandExecutor.java:83)
at org.openqa.selenium.remote.RemoteWebDriver.execute(RemoteWebDriver.java:552)
at org.openqa.selenium.remote.RemoteWebDriver.startSession(RemoteWebDriver.java:213)
at org.openqa.selenium.remote.RemoteWebDriver.<init>(RemoteWebDriver.java:131)
at org.openqa.selenium.chrome.ChromeDriver.<init>(ChromeDriver.java:181)
at org.openqa.selenium.chrome.ChromeDriver.<init>(ChromeDriver.java:168)
at org.openqa.selenium.chrome.ChromeDriver.<init>(ChromeDriver.java:123)
at testcases.Browsers.Crossbrowser(Browsers.java:24)
at java.base/jdk.internal.reflect.NativeMethodAccessorImpl.invoke0(Native Method)
at java.base/jdk.internal.reflect.NativeMethodAccessorImpl.invoke(NativeMethodAccessorImpl.java:62)
at java.base/jdk.internal.reflect.DelegatingMethodAccessorImpl.invoke(DelegatingMethodAccessorImpl.java:43)
at java.base/java.lang.reflect.Method.invoke(Method.java:566)
at org.testng.internal.MethodInvocationHelper.invokeMethod(MethodInvocationHelper.java:124)
at org.testng.internal.Invoker.invokeMethod(Invoker.java:583)
at org.testng.internal.Invoker.invokeTestMethod(Invoker.java:719)
at org.testng.internal.Invoker.invokeTestMethods(Invoker.java:989)
at org.testng.internal.TestMethodWorker.invokeTestMethods(TestMethodWorker.java:125)
at org.testng.internal.TestMethodWorker.run(TestMethodWorker.java:109)
at org.testng.TestRunner.privateRun(TestRunner.java:648)
at org.testng.TestRunner.run(TestRunner.java:505)
at org.testng.SuiteRunner.runTest(SuiteRunner.java:455)
at org.testng.SuiteRunner.access$000(SuiteRunner.java:40)
at org.testng.SuiteRunner$SuiteWorker.run(SuiteRunner.java:489)
at org.testng.internal.thread.ThreadUtil$1.call(ThreadUtil.java:52)
at java.base/java.util.concurrent.FutureTask.run(FutureTask.java:264)
at java.base/java.util.concurrent.ThreadPoolExecutor.runWorker(ThreadPoolExecutor.java:1128)
at java.base/java.util.concurrent.ThreadPoolExecutor$Worker.run(ThreadPoolExecutor.java:628)
at java.base/java.lang.Thread.run(Thread.java:834)
]]>
    </error>
  </testcase> <!-- Crossbrowser -->
  <testcase classname="testcases.Browsers" name="Crossbrowser" time="120.239"/>
</testsuite> <!-- testcases.Browsers -->
